0 info it worked if it ends with ok
1 verbose cli [ '/home/e/.nvm/versions/node/v7.1.0/bin/node',
1 verbose cli   '/home/e/.nvm/versions/node/v7.1.0/bin/npm',
1 verbose cli   'start' ]
2 info using npm@3.10.9
3 info using node@v7.1.0
4 verbose run-script [ 'prestart', 'start', 'poststart' ]
5 info lifecycle coreui-react@1.0.0-alpha.6~prestart: coreui-react@1.0.0-alpha.6
6 silly lifecycle coreui-react@1.0.0-alpha.6~prestart: no script for prestart, continuing
7 info lifecycle coreui-react@1.0.0-alpha.6~start: coreui-react@1.0.0-alpha.6
8 verbose lifecycle coreui-react@1.0.0-alpha.6~start: unsafe-perm in lifecycle true
9 verbose lifecycle coreui-react@1.0.0-alpha.6~start: PATH: /home/e/.nvm/versions/node/v7.1.0/lib/node_modules/npm/bin/node-gyp-bin:/home/e/react/CoreUI-Free-Bootstrap-Admin-Template/React_Starter/node_modules/.bin:/home/e/.nvm/versions/node/v7.1.0/bin:/home/e/.rvm/gems/ruby-2.2.2/bin:/home/e/.rvm/gems/ruby-2.2.2@global/bin:/home/e/.rvm/rubies/ruby-2.2.2/bin:/usr/local/heroku/bin:/home/e/bin:/usr/local/sbin:/usr/local/bin:/usr/sbin:/usr/bin:/sbin:/bin:/usr/games:/usr/local/games:/snap/bin:/home/e/.rvm/bin:/home/e/.rvm/bin:/home/e/go//bin:/usr/share/go/bin:/home/e/bin:/usr/local/android-studio/bin
10 verbose lifecycle coreui-react@1.0.0-alpha.6~start: CWD: /home/e/react/CoreUI-Free-Bootstrap-Admin-Template/React_Starter
11 silly lifecycle coreui-react@1.0.0-alpha.6~start: Args: [ '-c', 'react-scripts start' ]
12 silly lifecycle coreui-react@1.0.0-alpha.6~start: Returned: code: 1  signal: null
13 info lifecycle coreui-react@1.0.0-alpha.6~start: Failed to exec start script
14 verbose stack Error: coreui-react@1.0.0-alpha.6 start: `react-scripts start`
14 verbose stack Exit status 1
14 verbose stack     at EventEmitter.<anonymous> (/home/e/.nvm/versions/node/v7.1.0/lib/node_modules/npm/lib/utils/lifecycle.js:255:16)
14 verbose stack     at emitTwo (events.js:106:13)
14 verbose stack     at EventEmitter.emit (events.js:191:7)
14 verbose stack     at ChildProcess.<anonymous> (/home/e/.nvm/versions/node/v7.1.0/lib/node_modules/npm/lib/utils/spawn.js:40:14)
14 verbose stack     at emitTwo (events.js:106:13)
14 verbose stack     at ChildProcess.emit (events.js:191:7)
14 verbose stack     at maybeClose (internal/child_process.js:885:16)
14 verbose stack     at Process.ChildProcess._handle.onexit (internal/child_process.js:226:5)
15 verbose pkgid coreui-react@1.0.0-alpha.6
16 verbose cwd /home/e/react/CoreUI-Free-Bootstrap-Admin-Template/React_Starter/public
17 error Linux 4.4.0-78-generic
18 error argv "/home/e/.nvm/versions/node/v7.1.0/bin/node" "/home/e/.nvm/versions/node/v7.1.0/bin/npm" "start"
19 error node v7.1.0
20 error npm  v3.10.9
21 error code ELIFECYCLE
22 error coreui-react@1.0.0-alpha.6 start: `react-scripts start`
22 error Exit status 1
23 error Failed at the coreui-react@1.0.0-alpha.6 start script 'react-scripts start'.
23 error Make sure you have the latest version of node.js and npm installed.
23 error If you do, this is most likely a problem with the coreui-react package,
23 error not with npm itself.
23 error Tell the author that this fails on your system:
23 error     react-scripts start
23 error You can get information on how to open an issue for this project with:
23 error     npm bugs coreui-react
23 error Or if that isn't available, you can get their info via:
23 error     npm owner ls coreui-react
23 error There is likely additional logging output above.
24 verbose exit [ 1, true ]
